<?xml version="1.0" encoding="UTF-8"?>
<robot generator="Robot 7.0 (Python 3.11.8 on win32)" generated="2024-03-18T12:04:35.946479" rpa="false" schemaversion="5">
<suite id="s1" name="OpenApplication" source="C:\Users\abu.arefin\Desktop\git\mobileAutomationRobotFramework\Android_Project\AndroidProject\Tests\OpenApplication.robot">
<test id="s1-t1" name="OpenApplication" line="5">
<kw name="Open Application" owner="AppiumLibrary">
<msg time="2024-03-18T12:04:36.215931" level="TRACE">Arguments: [ 'http://localhost:9000/wd/hub' | platformName='Android' | deviceName='HA1HVBA2' | appPackage='jp.naver.line.android' | appActivity='jp.naver.line.android.activity.SplashActivity' | automationName='Uiautomator2' ]</msg>
<msg time="2024-03-18T12:04:36.215931" level="DEBUG">POST http://localhost:9000/wd/hub/session {'capabilities': {'firstMatch': [{}], 'alwaysMatch': {'platformName': 'Android', 'appium:deviceName': 'HA1HVBA2', 'appium:appPackage': 'jp.naver.line.android', 'appium:appActivity': 'jp.naver.line.android.activity.SplashActivity', 'appium:automationName': 'Uiautomator2'}}}</msg>
<msg time="2024-03-18T12:04:36.228940" level="DEBUG">Starting new HTTP connection (1): localhost:9000</msg>
<msg time="2024-03-18T12:04:58.088937" level="DEBUG">http://localhost:9000 "POST /wd/hub/session HTTP/1.1" 200 0</msg>
<msg time="2024-03-18T12:04:58.088937" level="DEBUG">Remote response: status=200 | data={"value":{"capabilities":{"platformName":"Android","deviceName":"HA1HVBA2","appPackage":"jp.naver.line.android","appActivity":"jp.naver.line.android.activity.SplashActivity","automationName":"Uiautomator2","platform":"LINUX","webStorageEnabled":false,"takesScreenshot":true,"javascriptEnabled":true,"databaseEnabled":false,"networkConnectionEnabled":true,"locationContextEnabled":false,"warnings":{},"desired":{"platformName":"Android","deviceName":"HA1HVBA2","appPackage":"jp.naver.line.android","appActivity":"jp.naver.line.android.activity.SplashActivity","automationName":"Uiautomator2"},"deviceUDID":"HA1HVBA2","pixelRatio":"0.85","statBarHeight":20,"viewportRect":{"left":0,"top":20,"width":600,"height":1004},"deviceApiLevel":30,"platformVersion":"11","deviceManufacturer":"LENOVO","deviceModel":"Lenovo TB-7306F","deviceScreenSize":"600x1024","deviceScreenDensity":136},"sessionId":"0d390e3c-9d41-4513-82bd-9c85f37565d3"}} | headers=HTTPHeaderDict({'X-Powered-By': 'Express', 'Vary': 'X-HTTP-Method-Override', 'Content-Type': 'application/json; charset=utf-8', 'Content-Length': '930', 'ETag': 'W/"3a2-jqQHwqCt7cMbLBeK91n0gQ8Q8Zk"', 'Date': 'Mon, 18 Mar 2024 06:04:58 GMT', 'Connection': 'keep-alive', 'Keep-Alive': 'timeout=600'})</msg>
<msg time="2024-03-18T12:04:58.090181" level="DEBUG">Finished Request</msg>
<msg time="2024-03-18T12:04:58.091250" level="DEBUG">Opened application with session id 0d390e3c-9d41-4513-82bd-9c85f37565d3</msg>
<msg time="2024-03-18T12:04:58.091250" level="TRACE">Return: 1</msg>
<arg>http://localhost:9000/wd/hub</arg>
<arg>platformName=Android</arg>
<arg>deviceName=HA1HVBA2</arg>
<arg>appPackage=jp.naver.line.android</arg>
<arg>appActivity=jp.naver.line.android.activity.SplashActivity</arg>
<arg>automationName=Uiautomator2</arg>
<doc>Opens a new application to given Appium server.
Capabilities of appium server, Android and iOS,
Please check https://github.com/appium/appium/blob/master/docs/en/writing-running-appium/server-args.md
| *Option*            | *Man.* | *Description*     |
| remote_url          | Yes    | Appium server url |
| alias               | no     | alias             |
| strict_ssl          | No     | allows you to send commands to an invalid certificate host like a self-signed one. |</doc>
<status status="PASS" start="2024-03-18T12:04:36.215931" elapsed="21.875319"/>
</kw>
<status status="PASS" start="2024-03-18T12:04:36.215931" elapsed="21.876347"/>
</test>
<status status="PASS" start="2024-03-18T12:04:35.946479" elapsed="22.146825"/>
</suite>
<statistics>
<total>
<stat pass="1" fail="0" skip="0">All Tests</stat>
</total>
<tag>
</tag>
<suite>
<stat pass="1" fail="0" skip="0" id="s1" name="OpenApplication">OpenApplication</stat>
</suite>
</statistics>
<errors>
</errors>
</robot>
